Started GET "/diaries" for 127.0.0.1 at 2018-11-20 20:17:28 +0900
  
ActiveRecord::PendingMigrationError (

Migrations are pending. To resolve this issue, run:

        bin/rails db:migrate RAILS_ENV=development

):
  
activerecord (5.2.1) lib/active_record/migration.rb:579:in `check_pending!'
activerecord (5.2.1) lib/active_record/migration.rb:556:in `call'
actionpack (5.2.1) lib/action_dispatch/middleware/callbacks.rb:28:in `block in call'
activesupport (5.2.1) lib/active_support/callbacks.rb:98:in `run_callbacks'
actionpack (5.2.1) lib/action_dispatch/middleware/callbacks.rb:26:in `call'
actionpack (5.2.1) lib/action_dispatch/middleware/executor.rb:14:in `call'
actionpack (5.2.1) lib/action_dispatch/middleware/debug_exceptions.rb:61:in `call'
web-console (3.7.0) lib/web_console/middleware.rb:135:in `call_app'
web-console (3.7.0) lib/web_console/middleware.rb:30:in `block in call'
web-console (3.7.0) lib/web_console/middleware.rb:20:in `catch'
web-console (3.7.0) lib/web_console/middleware.rb:20:in `call'
actionpack (5.2.1) lib/action_dispatch/middleware/show_exceptions.rb:33:in `call'
railties (5.2.1) lib/rails/rack/logger.rb:38:in `call_app'
railties (5.2.1) lib/rails/rack/logger.rb:26:in `block in call'
activesupport (5.2.1) lib/active_support/tagged_logging.rb:71:in `block in tagged'
activesupport (5.2.1) lib/active_support/tagged_logging.rb:28:in `tagged'
activesupport (5.2.1) lib/active_support/tagged_logging.rb:71:in `tagged'
railties (5.2.1) lib/rails/rack/logger.rb:26:in `call'
sprockets-rails (3.2.1) lib/sprockets/rails/quiet_assets.rb:13:in `call'
actionpack (5.2.1) lib/action_dispatch/middleware/remote_ip.rb:81:in `call'
actionpack (5.2.1) lib/action_dispatch/middleware/request_id.rb:27:in `call'
rack (2.0.6) lib/rack/method_override.rb:22:in `call'
rack (2.0.6) lib/rack/runtime.rb:22:in `call'
activesupport (5.2.1) lib/active_support/cache/strategy/local_cache_middleware.rb:29:in `call'
actionpack (5.2.1) lib/action_dispatch/middleware/executor.rb:14:in `call'
actionpack (5.2.1) lib/action_dispatch/middleware/static.rb:127:in `call'
rack (2.0.6) lib/rack/sendfile.rb:111:in `call'
railties (5.2.1) lib/rails/engine.rb:524:in `call'
puma (3.12.0) lib/puma/configuration.rb:225:in `call'
puma (3.12.0) lib/puma/server.rb:658:in `handle_request'
puma (3.12.0) lib/puma/server.rb:472:in `process_client'
puma (3.12.0) lib/puma/server.rb:332:in `block in run'
puma (3.12.0) lib/puma/thread_pool.rb:133:in `block in spawn_thread'
  [1m[35m (0.2ms)[0m  [1m[34mSELECT sqlite_version(*)[0m
  â†³ bin/rails:4
  [1m[35m (132.5ms)[0m  [1m[35mCREATE TABLE "schema_migrations" ("version" varchar NOT NULL PRIMARY KEY)[0m
  â†³ bin/rails:4
  [1m[35m (116.7ms)[0m  [1m[35mCREATE TABLE "ar_internal_metadata" ("key" varchar NOT NULL PRIMARY KEY, "value" varchar, "created_at" datetime NOT NULL, "updated_at" datetime NOT NULL)[0m
  â†³ bin/rails:4
  [1m[35m (0.5ms)[0m  [1m[34mSELECT "schema_migrations"."version" FROM "schema_migrations" ORDER BY "schema_migrations"."version" ASC[0m
  â†³ bin/rails:4
Migrating to CreateDiaries (20181118040032)
  [1m[35m (0.1ms)[0m  [1m[36mbegin transaction[0m
  â†³ bin/rails:4
  [1m[35m (1.7ms)[0m  [1m[35mCREATE TABLE "diaries" ("id" integer PRIMARY KEY AUTOINCREMENT NOT NULL, "title" varchar, "body" varchar, "created_at" datetime NOT NULL, "updated_at" datetime NOT NULL)[0m
  â†³ db/migrate/20181118040032_create_diaries.rb:3
  [1m[36mActiveRecord::SchemaMigration Create (0.4ms)[0m  [1m[32mINSERT INTO "schema_migrations" ("version") VALUES (?)[0m  [["version", "20181118040032"]]
  â†³ bin/rails:4
  [1m[35m (162.8ms)[0m  [1m[36mcommit transaction[0m
  â†³ bin/rails:4
  [1m[36mActiveRecord::InternalMetadata Load (0.4ms)[0m  [1m[34mSELECT  "ar_internal_metadata".* FROM "ar_internal_metadata" WHERE "ar_internal_metadata"."key" = ? LIMIT ?[0m  [["key", "environment"], ["LIMIT", 1]]
  â†³ bin/rails:4
  [1m[35m (0.1ms)[0m  [1m[36mbegin transaction[0m
  â†³ bin/rails:4
  [1m[36mActiveRecord::InternalMetadata Create (1.6ms)[0m  [1m[32mINSERT INTO "ar_internal_metadata" ("key", "value", "created_at", "updated_at") VALUES (?, ?, ?, ?)[0m  [["key", "environment"], ["value", "development"], ["created_at", "2018-11-20 11:20:07.479298"], ["updated_at", "2018-11-20 11:20:07.479298"]]
  â†³ bin/rails:4
  [1m[35m (158.7ms)[0m  [1m[36mcommit transaction[0m
  â†³ bin/rails:4
  [1m[35m (0.5ms)[0m  [1m[34mSELECT "schema_migrations"."version" FROM "schema_migrations" ORDER BY "schema_migrations"."version" ASC[0m
  â†³ bin/rails:4
Started GET "/diaries" for 127.0.0.1 at 2018-11-20 20:35:57 +0900
  [1m[35m (1.5ms)[0m  [1m[34mSELECT "schema_migrations"."version" FROM "schema_migrations" ORDER BY "schema_migrations"."version" ASC[0m
  â†³ C:/Ruby25-x64/lib/ruby/gems/2.5.0/gems/activerecord-5.2.1/lib/active_record/log_subscriber.rb:98
Processing by DiariesController#index as HTML
  Rendering diaries/index.html.erb within layouts/application
  [1m[36mDiary Load (0.4ms)[0m  [1m[34mSELECT "diaries".* FROM "diaries"[0m
  â†³ app/views/diaries/index.html.erb:17
  Rendered diaries/index.html.erb within layouts/application (9.7ms)
Completed 200 OK in 2027ms (Views: 1856.9ms | ActiveRecord: 1.2ms)


Started GET "/diaries/new" for 127.0.0.1 at 2018-11-20 20:36:08 +0900
Processing by DiariesController#new as HTML
  Rendering diaries/new.html.erb within layouts/application
  Rendered diaries/_form.html.erb (1051.0ms)
  Rendered diaries/new.html.erb within layouts/application (1147.0ms)
Completed 200 OK in 1511ms (Views: 1417.1ms | ActiveRecord: 6.4ms)


Started POST "/diaries" for 127.0.0.1 at 2018-11-20 20:37:33 +0900
Processing by DiariesController#create as HTML
  Parameters: {"utf8"=>"âœ“", "authenticity_token"=>"REYS3M+VDll361rVRKQxbSq5+owke+rAOpwyRBODogDT7+tfGFXIwRHlb/kkEbVXsLlej1I5KsbRgW03er1OYA==", "diary"=>{"title"=>"1st Append", "body"=>"TEST, test ... OK."}, "commit"=>"Create Diary"}
  [1m[35m (0.1ms)[0m  [1m[36mbegin transaction[0m
  â†³ app/controllers/diaries_controller.rb:30
  [1m[36mDiary Create (2.0ms)[0m  [1m[32mINSERT INTO "diaries" ("title", "body", "created_at", "updated_at") VALUES (?, ?, ?, ?)[0m  [["title", "1st Append"], ["body", "TEST, test ... OK."], ["created_at", "2018-11-20 11:37:33.436045"], ["updated_at", "2018-11-20 11:37:33.436045"]]
  â†³ app/controllers/diaries_controller.rb:30
  [1m[35m (161.1ms)[0m  [1m[36mcommit transaction[0m
  â†³ app/controllers/diaries_controller.rb:30
Redirected to http://localhost:3000/diaries/1
Completed 302 Found in 180ms (ActiveRecord: 163.2ms)


Started GET "/diaries/1" for 127.0.0.1 at 2018-11-20 20:37:33 +0900
Processing by DiariesController#show as HTML
  Parameters: {"id"=>"1"}
  [1m[36mDiary Load (0.5ms)[0m  [1m[34mSELECT  "diaries".* FROM "diaries" WHERE "diaries"."id" = ? LIMIT ?[0m  [["id", 1], ["LIMIT", 1]]
  â†³ app/controllers/diaries_controller.rb:67
  Rendering diaries/show.html.erb within layouts/application
  Rendered diaries/show.html.erb within layouts/application (1.1ms)
Completed 200 OK in 408ms (Views: 293.9ms | ActiveRecord: 0.5ms)


Started GET "/diaries" for 127.0.0.1 at 2018-11-20 20:37:40 +0900
Processing by DiariesController#index as HTML
  Rendering diaries/index.html.erb within layouts/application
  [1m[36mDiary Load (0.5ms)[0m  [1m[34mSELECT "diaries".* FROM "diaries"[0m
  â†³ app/views/diaries/index.html.erb:17
  Rendered diaries/index.html.erb within layouts/application (427.5ms)
Completed 500 Internal Server Error in 639ms (ActiveRecord: 0.5ms)


  
ActionView::Template::Error (undefined local variable or method `daiary' for #<#<Class:0x00000000096a8070>:0x000000000ba56530>
Did you mean?  diary):
    17:     <% @diaries.each do |diary| %>
    18:       <tr>
    19:         <td><%= diary.id %></td>
    20:         <td><%= link_to diary.title, daiary %></td>
    21:         <td><%= diary.created_at %></td>
    22:         <td><%= diary.updated_at %></td>
    23:       </tr>
  
app/views/diaries/index.html.erb:20:in `block in _app_views_diaries_index_html_erb__10885508_97695520'
app/views/diaries/index.html.erb:17:in `_app_views_diaries_index_html_erb__10885508_97695520'
Started GET "/diaries" for 127.0.0.1 at 2018-11-20 20:42:11 +0900
  [1m[35m (0.5ms)[0m  [1m[34mSELECT "schema_migrations"."version" FROM "schema_migrations" ORDER BY "schema_migrations"."version" ASC[0m
  â†³ C:/Ruby25-x64/lib/ruby/gems/2.5.0/gems/activerecord-5.2.1/lib/active_record/log_subscriber.rb:98
Processing by DiariesController#index as HTML
  Rendering diaries/index.html.erb within layouts/application
  [1m[36mDiary Load (0.5ms)[0m  [1m[34mSELECT "diaries".* FROM "diaries"[0m
  â†³ app/views/diaries/index.html.erb:17
  Rendered diaries/index.html.erb within layouts/application (23.7ms)
Completed 200 OK in 770ms (Views: 672.5ms | ActiveRecord: 2.2ms)


Started GET "/diaries/new" for 127.0.0.1 at 2018-11-20 20:42:24 +0900
Processing by DiariesController#new as HTML
  Rendering diaries/new.html.erb within layouts/application
  Rendered diaries/_form.html.erb (55.3ms)
  Rendered diaries/new.html.erb within layouts/application (132.1ms)
Completed 200 OK in 487ms (Views: 404.1ms | ActiveRecord: 0.0ms)


Started GET "/diaries" for 127.0.0.1 at 2018-11-20 20:42:28 +0900
Processing by DiariesController#index as HTML
  Rendering diaries/index.html.erb within layouts/application
  [1m[36mDiary Load (0.4ms)[0m  [1m[34mSELECT "diaries".* FROM "diaries"[0m
  â†³ app/views/diaries/index.html.erb:17
  Rendered diaries/index.html.erb within layouts/application (4.3ms)
Completed 200 OK in 334ms (Views: 274.8ms | ActiveRecord: 0.4ms)


Started GET "/diaries/1" for 127.0.0.1 at 2018-11-20 20:42:29 +0900
Processing by DiariesController#show as HTML
  Parameters: {"id"=>"1"}
  [1m[36mDiary Load (0.5ms)[0m  [1m[34mSELECT  "diaries".* FROM "diaries" WHERE "diaries"."id" = ? LIMIT ?[0m  [["id", 1], ["LIMIT", 1]]
  â†³ app/controllers/diaries_controller.rb:67
  Rendering diaries/show.html.erb within layouts/application
  Rendered diaries/show.html.erb within layouts/application (1.1ms)
Completed 200 OK in 1210ms (Views: 295.8ms | ActiveRecord: 0.5ms)


Started GET "/diaries/1/edit" for 127.0.0.1 at 2018-11-20 20:42:36 +0900
Processing by DiariesController#edit as HTML
  Parameters: {"id"=>"1"}
  [1m[36mDiary Load (0.4ms)[0m  [1m[34mSELECT  "diaries".* FROM "diaries" WHERE "diaries"."id" = ? LIMIT ?[0m  [["id", 1], ["LIMIT", 1]]
  â†³ app/controllers/diaries_controller.rb:67
  Rendering diaries/edit.html.erb within layouts/application
  Rendered diaries/_form.html.erb (2.9ms)
  Rendered diaries/edit.html.erb within layouts/application (64.9ms)
Completed 200 OK in 399ms (Views: 324.8ms | ActiveRecord: 0.4ms)


Started GET "/diaries" for 127.0.0.1 at 2018-11-20 20:42:40 +0900
Processing by DiariesController#index as HTML
  Rendering diaries/index.html.erb within layouts/application
  [1m[36mDiary Load (0.6ms)[0m  [1m[34mSELECT "diaries".* FROM "diaries"[0m
  â†³ app/views/diaries/index.html.erb:17
  Rendered diaries/index.html.erb within layouts/application (4.1ms)
Completed 200 OK in 319ms (Views: 255.4ms | ActiveRecord: 0.6ms)


Started GET "/diaries" for 127.0.0.1 at 2018-11-20 20:47:36 +0900
  [1m[35m (0.9ms)[0m  [1m[34mSELECT "schema_migrations"."version" FROM "schema_migrations" ORDER BY "schema_migrations"."version" ASC[0m
  â†³ C:/Ruby25-x64/lib/ruby/gems/2.5.0/gems/activerecord-5.2.1/lib/active_record/log_subscriber.rb:98
Processing by DiariesController#index as HTML
  Rendering diaries/index.html.erb within layouts/application
  [1m[36mDiary Load (0.5ms)[0m  [1m[34mSELECT "diaries".* FROM "diaries"[0m
  â†³ app/views/diaries/index.html.erb:17
  Rendered diaries/index.html.erb within layouts/application (36.6ms)
Completed 200 OK in 797ms (Views: 697.7ms | ActiveRecord: 2.4ms)


Started GET "/diaries" for 127.0.0.1 at 2018-11-20 20:53:22 +0900
  [1m[35m (0.4ms)[0m  [1m[34mSELECT "schema_migrations"."version" FROM "schema_migrations" ORDER BY "schema_migrations"."version" ASC[0m
  â†³ C:/Ruby25-x64/lib/ruby/gems/2.5.0/gems/activerecord-5.2.1/lib/active_record/log_subscriber.rb:98
Processing by DiariesController#index as HTML
  Rendering diaries/index.html.erb within layouts/application
  [1m[36mDiary Load (0.4ms)[0m  [1m[34mSELECT "diaries".* FROM "diaries"[0m
  â†³ app/views/diaries/index.html.erb:17
  Rendered diaries/index.html.erb within layouts/application (25.1ms)
Completed 200 OK in 777ms (Views: 690.0ms | ActiveRecord: 2.2ms)


Started GET "/diaries/1" for 127.0.0.1 at 2018-11-20 20:53:28 +0900
Processing by DiariesController#show as HTML
  Parameters: {"id"=>"1"}
  [1m[36mDiary Load (21.4ms)[0m  [1m[34mSELECT  "diaries".* FROM "diaries" WHERE "diaries"."id" = ? LIMIT ?[0m  [["id", 1], ["LIMIT", 1]]
  â†³ app/controllers/diaries_controller.rb:67
  Rendering diaries/show.html.erb within layouts/application
  Rendered diaries/show.html.erb within layouts/application (35.8ms)
Completed 500 Internal Server Error in 299ms (ActiveRecord: 21.4ms)


  
SyntaxError (C:/rubyApp/app1/lib/blog-app/app/views/diaries/show.html.erb:27: syntax error, unexpected ';', expecting =>
...thod: :delete, data: { confirm; 'å‰Šé™¤ã—ã¦å®œã—ã„ã§ã™...
...                              ^
C:/rubyApp/app1/lib/blog-app/app/views/diaries/show.html.erb:27: syntax error, unexpected '}', expecting ')'
...é™¤ã—ã¦å®œã—ã„ã§ã™ã‹ï¼Ÿ'} );@output_buffer.safe_append...
...                               ^
C:/rubyApp/app1/lib/blog-app/app/views/diaries/show.html.erb:31: syntax error, unexpected keyword_ensure, expecting ')'
          ensure
          ^~~~~~
C:/rubyApp/app1/lib/blog-app/app/views/diaries/show.html.erb:33: syntax error, unexpected keyword_end, expecting ')'
          end
          ^~~):
  
app/views/diaries/show.html.erb:27: syntax error, unexpected ';', expecting =>
app/views/diaries/show.html.erb:27: syntax error, unexpected '}', expecting ')'
app/views/diaries/show.html.erb:31: syntax error, unexpected keyword_ensure, expecting ')'
app/views/diaries/show.html.erb:33: syntax error, unexpected keyword_end, expecting ')'
Started GET "/diaries/1" for 127.0.0.1 at 2018-11-20 20:54:24 +0900
Processing by DiariesController#show as HTML
  Parameters: {"id"=>"1"}
  [1m[36mDiary Load (0.7ms)[0m  [1m[34mSELECT  "diaries".* FROM "diaries" WHERE "diaries"."id" = ? LIMIT ?[0m  [["id", 1], ["LIMIT", 1]]
  â†³ app/controllers/diaries_controller.rb:67
  Rendering diaries/show.html.erb within layouts/application
  Rendered diaries/show.html.erb within layouts/application (3.2ms)
Completed 200 OK in 380ms (Views: 277.7ms | ActiveRecord: 0.7ms)


Started GET "/diaries" for 127.0.0.1 at 2018-11-20 20:54:40 +0900
Processing by DiariesController#index as HTML
  Rendering diaries/index.html.erb within layouts/application
  [1m[36mDiary Load (0.6ms)[0m  [1m[34mSELECT "diaries".* FROM "diaries"[0m
  â†³ app/views/diaries/index.html.erb:17
  Rendered diaries/index.html.erb within layouts/application (12.8ms)
Completed 200 OK in 496ms (Views: 416.4ms | ActiveRecord: 0.6ms)


Started GET "/diaries/new" for 127.0.0.1 at 2018-11-20 20:57:01 +0900
Processing by DiariesController#new as HTML
  Rendering diaries/new.html.erb within layouts/application
  Rendered diaries/_form.html.erb (974.4ms)
  Rendered diaries/new.html.erb within layouts/application (1053.5ms)
Completed 200 OK in 1420ms (Views: 1345.1ms | ActiveRecord: 0.0ms)


Started GET "/diaries" for 127.0.0.1 at 2018-11-20 20:57:26 +0900
Processing by DiariesController#index as HTML
  Rendering diaries/index.html.erb within layouts/application
  [1m[36mDiary Load (0.5ms)[0m  [1m[34mSELECT "diaries".* FROM "diaries"[0m
  â†³ app/views/diaries/index.html.erb:17
  Rendered diaries/index.html.erb within layouts/application (4.3ms)
Completed 200 OK in 371ms (Views: 285.3ms | ActiveRecord: 0.5ms)


